<?xml version="1.0" encoding="UTF-8"?>
<!-- Generated by org.testng.reporters.JUnitReportReporter -->
<testsuite hostname="Anushka" failures="0" tests="1" name="NinzaTest.EmployeeTest" time="3.614" errors="0" timestamp="13 Aug 2024 08:00:07 GMT" skipped="0">
  <testcase classname="NinzaTest.EmployeeTest" name="withoutNoEmployeeTest" time="3.614"/>
</testsuite> <!-- NinzaTest.EmployeeTest -->
