<?xml version="1.0" encoding="UTF-8"?>
<!-- Generated by org.testng.reporters.JUnitReportReporter -->
<testsuite hostname="Anushka" failures="0" tests="2" name="NinzaTest.Project" time="8.098" errors="0" timestamp="28 Jun 2024 09:54:46 GMT" skipped="0">
  <testcase classname="NinzaTest.Project" name="addSingleProject" time="7.229"/>
  <testcase classname="NinzaTest.Project" name="createDuplicateProject" time="0.869"/>
</testsuite> <!-- NinzaTest.Project -->
