<?xml version="1.0" encoding="UTF-8"?>
<!-- Generated by org.testng.reporters.JUnitReportReporter -->
<testsuite hostname="Anushka" failures="0" tests="2" name="NinzaTest.ProjectTest" time="7.679" errors="0" timestamp="01 Jul 2024 06:32:02 GMT" skipped="0">
  <testcase classname="NinzaTest.ProjectTest" name="createDuplicateProject" time="0.597"/>
  <testcase classname="NinzaTest.ProjectTest" name="addSingleProject" time="7.082"/>
</testsuite> <!-- NinzaTest.ProjectTest -->
